<?xml version='1.0' encoding='UTF-8'?>
<testsuites>
  <testsuite name="Test Suite" device="Pixel_6_API_33" tests="31" failures="0" time="2266.0">
    <testcase id="Full Onboarding Flow" name="Full Onboarding Flow" classname="Full Onboarding Flow" time="48.0" status="SUCCESS">
      <properties/>
    </testcase>
    <testcase id="Onboarding Back Navigation" name="Onboarding Back Navigation" classname="Onboarding Back Navigation" time="49.0" status="SUCCESS">
      <properties/>
    </testcase>
    <testcase id="Legal Acknowledgment Flow" name="Legal Acknowledgment Flow" classname="Legal Acknowledgment Flow" time="27.0" status="SUCCESS">
      <properties/>
    </testcase>
    <testcase id="Edit Food Log Entry" name="Edit Food Log Entry" classname="Edit Food Log Entry" time="92.0" status="SUCCESS">
      <properties/>
    </testcase>
    <testcase id="Create Custom Food" name="Create Custom Food" classname="Create Custom Food" time="103.0" status="SUCCESS">
      <properties/>
    </testcase>
    <testcase id="Quick Add Flow" name="Quick Add Flow" classname="Quick Add Flow" time="91.0" status="SUCCESS">
      <properties/>
    </testcase>
    <testcase id="Delete Food Log Entry" name="Delete Food Log Entry" classname="Delete Food Log Entry" time="75.0" status="SUCCESS">
      <properties/>
    </testcase>
    <testcase id="Favorite Food Flow" name="Favorite Food Flow" classname="Favorite Food Flow" time="108.0" status="SUCCESS">
      <properties/>
    </testcase>
    <testcase id="Restaurant Food Logging" name="Restaurant Food Logging" classname="Restaurant Food Logging" time="109.0" status="SUCCESS">
      <properties/>
    </testcase>
    <testcase id="Search and Log Food" name="Search and Log Food" classname="Search and Log Food" time="82.0" status="SUCCESS">
      <properties/>
    </testcase>
    <testcase id="AI Photo Analysis Flow" name="AI Photo Analysis Flow" classname="AI Photo Analysis Flow" time="96.0" status="SUCCESS">
      <properties/>
    </testcase>
    <testcase id="Barcode Scanner Flow" name="Barcode Scanner Flow" classname="Barcode Scanner Flow" time="73.0" status="SUCCESS">
      <properties/>
    </testcase>
    <testcase id="Widget Management" name="Widget Management" classname="Widget Management" time="63.0" status="SUCCESS">
      <properties/>
    </testcase>
    <testcase id="Meal Sections Visibility" name="Meal Sections Visibility" classname="Meal Sections Visibility" time="50.0" status="SUCCESS">
      <properties/>
    </testcase>
    <testcase id="Home Date Navigation" name="Home Date Navigation" classname="Home Date Navigation" time="55.0" status="SUCCESS">
      <properties/>
    </testcase>
    <testcase id="Water Tracking" name="Water Tracking" classname="Water Tracking" time="57.0" status="SUCCESS">
      <properties/>
    </testcase>
    <testcase id="Theme Settings" name="Theme Settings" classname="Theme Settings" time="63.0" status="SUCCESS">
      <properties/>
    </testcase>
    <testcase id="Fasting Settings" name="Fasting Settings" classname="Fasting Settings" time="58.0" status="SUCCESS">
      <properties/>
    </testcase>
    <testcase id="Goals Settings" name="Goals Settings" classname="Goals Settings" time="62.0" status="SUCCESS">
      <properties/>
    </testcase>
    <testcase id="Units Settings" name="Units Settings" classname="Units Settings" time="67.0" status="SUCCESS">
      <properties/>
    </testcase>
    <testcase id="Water Settings" name="Water Settings" classname="Water Settings" time="59.0" status="SUCCESS">
      <properties/>
    </testcase>
    <testcase id="Nutrition Settings" name="Nutrition Settings" classname="Nutrition Settings" time="61.0" status="SUCCESS">
      <properties/>
    </testcase>
    <testcase id="Delete All Data" name="Delete All Data" classname="Delete All Data" time="66.0" status="SUCCESS">
      <properties/>
    </testcase>
    <testcase id="Profile Settings" name="Profile Settings" classname="Profile Settings" time="70.0" status="SUCCESS">
      <properties/>
    </testcase>
    <testcase id="View Progress Charts" name="View Progress Charts" classname="View Progress Charts" time="72.0" status="SUCCESS">
      <properties/>
    </testcase>
    <testcase id="Progress Time Range Navigation" name="Progress Time Range Navigation" classname="Progress Time Range Navigation" time="96.0" status="SUCCESS">
      <properties/>
    </testcase>
    <testcase id="Log Weight" name="Log Weight" classname="Log Weight" time="67.0" status="SUCCESS">
      <properties/>
    </testcase>
    <testcase id="Macro Cycling Setup" name="Macro Cycling Setup" classname="Macro Cycling Setup" time="102.0" status="SUCCESS">
      <properties/>
    </testcase>
    <testcase id="Meal Planning Settings" name="Meal Planning Settings" classname="Meal Planning Settings" time="90.0" status="SUCCESS">
      <properties/>
    </testcase>
    <testcase id="Paywall Flow" name="Paywall Flow" classname="Paywall Flow" time="70.0" status="SUCCESS">
      <properties/>
    </testcase>
    <testcase id="Import Data Flow" name="Import Data Flow" classname="Import Data Flow" time="85.0" status="SUCCESS">
      <properties/>
    </testcase>
  </testsuite>
</testsuites>
